0 silly argv {
0 silly argv   _: [ 'create' ],
0 silly argv   lernaVersion: '4.0.0',
0 silly argv   '$0': '/Users/luohe/.npm/_npx/d5cad42883f80c04/node_modules/.bin/lerna',
0 silly argv   name: '@luohe/lint'
0 silly argv }
1 notice cli v4.0.0
2 warn project Deprecated key "commands" found in lerna.json
2 warn project Please update "commands" => "command"
3 verbose rootPath /Users/luohe/Documents/GitHub/luohe
4 error Error: canceled
4 error     at Interface.<anonymous> (/Users/luohe/.npm/_npx/d5cad42883f80c04/node_modules/read/lib/read.js:66:13)
4 error     at Interface.emit (node:events:390:28)
4 error     at Interface._ttyWrite (node:readline:1081:16)
4 error     at ReadStream.onkeypress (node:readline:288:10)
4 error     at ReadStream.emit (node:events:390:28)
4 error     at emitKeys (node:internal/readline/utils:358:14)
4 error     at emitKeys.next (<anonymous>)
4 error     at ReadStream.onData (node:internal/readline/emitKeypressEvents:61:36)
4 error     at ReadStream.emit (node:events:390:28)
